# JRE version: Java(TM) SE Runtime Environment (8.0_45-b14) (build 1.8.0_45-b14)
# Java VM: Java HotSpot(TM) 64-Bit Server VM (25.45-b02 mixed mode bsd-amd64 compressed oops)
Heap:
 PSYoungGen      total 1223168K, used 398477K [0x000000076ab00000, 0x00000007c0000000, 0x00000007c0000000)
  eden space 1048576K, 38% used [0x000000076ab00000,0x00000007830236b0,0x00000007aab00000)
  from space 174592K, 0% used [0x00000007aab00000,0x00000007aab00000,0x00000007b5580000)
  to   space 174592K, 0% used [0x00000007b5580000,0x00000007b5580000,0x00000007c0000000)
 ParOldGen       total 2796544K, used 16779K [0x00000006c0000000, 0x000000076ab00000, 0x000000076ab00000)
  object space 2796544K, 0% used [0x00000006c0000000,0x00000006c1062c20,0x000000076ab00000)
 Metaspace       used 33797K, capacity 34170K, committed 34560K, reserved 1079296K
  class space    used 4002K, capacity 4096K, committed 4096K, reserved 1048576K
GC Heap History (4 events):
Event: 3.035 GC heap before
{Heap before GC invocations=1 (full 0):
 PSYoungGen      total 1223168K, used 272631K [0x000000076ab00000, 0x00000007c0000000, 0x00000007c0000000)
  eden space 1048576K, 26% used [0x000000076ab00000,0x000000077b53dc48,0x00000007aab00000)
  from space 174592K, 0% used [0x00000007b5580000,0x00000007b5580000,0x00000007c0000000)
  to   space 174592K, 0% used [0x00000007aab00000,0x00000007aab00000,0x00000007b5580000)
 ParOldGen       total 2796544K, used 0K [0x00000006c0000000, 0x000000076ab00000, 0x000000076ab00000)
  object space 2796544K, 0% used [0x00000006c0000000,0x00000006c0000000,0x000000076ab00000)
 Metaspace       used 20743K, capacity 21052K, committed 21296K, reserved 1069056K
  class space    used 2501K, capacity 2601K, committed 2688K, reserved 1048576K
Event: 3.063 GC heap after
Heap after GC invocations=1 (full 0):
 PSYoungGen      total 1223168K, used 17499K [0x000000076ab00000, 0x00000007c0000000, 0x00000007c0000000)
  eden space 1048576K, 0% used [0x000000076ab00000,0x000000076ab00000,0x00000007aab00000)
  from space 174592K, 10% used [0x00000007aab00000,0x00000007abc16fa8,0x00000007b5580000)
  to   space 174592K, 0% used [0x00000007b5580000,0x00000007b5580000,0x00000007c0000000)
 ParOldGen       total 2796544K, used 88K [0x00000006c0000000, 0x000000076ab00000, 0x000000076ab00000)
  object space 2796544K, 0% used [0x00000006c0000000,0x00000006c0016010,0x000000076ab00000)
 Metaspace       used 20743K, capacity 21052K, committed 21296K, reserved 1069056K
  class space    used 2501K, capacity 2601K, committed 2688K, reserved 1048576K
}
Event: 3.063 GC heap before
{Heap before GC invocations=2 (full 1):
 PSYoungGen      total 1223168K, used 17499K [0x000000076ab00000, 0x00000007c0000000, 0x00000007c0000000)
  eden space 1048576K, 0% used [0x000000076ab00000,0x000000076ab00000,0x00000007aab00000)
  from space 174592K, 10% used [0x00000007aab00000,0x00000007abc16fa8,0x00000007b5580000)
  to   space 174592K, 0% used [0x00000007b5580000,0x00000007b5580000,0x00000007c0000000)
 ParOldGen       total 2796544K, used 88K [0x00000006c0000000, 0x000000076ab00000, 0x000000076ab00000)
  object space 2796544K, 0% used [0x00000006c0000000,0x00000006c0016010,0x000000076ab00000)
 Metaspace       used 20743K, capacity 21052K, committed 21296K, reserved 1069056K
  class space    used 2501K, capacity 2601K, committed 2688K, reserved 1048576K
Event: 3.128 GC heap after
Heap after GC invocations=2 (full 1):
 PSYoungGen      total 1223168K, used 0K [0x000000076ab00000, 0x00000007c0000000, 0x00000007c0000000)
  eden space 1048576K, 0% used [0x000000076ab00000,0x000000076ab00000,0x00000007aab00000)
  from space 174592K, 0% used [0x00000007aab00000,0x00000007aab00000,0x00000007b5580000)
  to   space 174592K, 0% used [0x00000007b5580000,0x00000007b5580000,0x00000007c0000000)
 ParOldGen       total 2796544K, used 16779K [0x00000006c0000000, 0x000000076ab00000, 0x000000076ab00000)
  object space 2796544K, 0% used [0x00000006c0000000,0x00000006c1062c20,0x000000076ab00000)
 Metaspace       used 20743K, capacity 21052K, committed 21296K, reserved 1069056K
  class space    used 2501K, capacity 2601K, committed 2688K, reserved 1048576K
}

